{"/tmp/cc-agent/60079395/project/src/lib/permissions.ts": {"path":"/tmp/cc-agent/60079395/project/src/lib/permissions.ts","statementMap":{"0":{"start":{"line":12,"column":23},"end":{"line":12,"column":null}},"1":{"start":{"line":13,"column":16},"end":{"line":13,"column":null}},"2":{"start":{"line":15,"column":2},"end":{"line":22,"column":null}},"3":{"start":{"line":16,"column":4},"end":{"line":21,"column":null}},"4":{"start":{"line":24,"column":24},"end":{"line":24,"column":null}},"5":{"start":{"line":25,"column":22},"end":{"line":25,"column":null}},"6":{"start":{"line":27,"column":2},"end":{"line":33,"column":null}},"7":{"start":{"line":28,"column":4},"end":{"line":32,"column":null}},"8":{"start":{"line":35,"column":2},"end":{"line":39,"column":null}},"9":{"start":{"line":56,"column":2},"end":{"line":58,"column":null}},"10":{"start":{"line":57,"column":4},"end":{"line":57,"column":null}},"11":{"start":{"line":60,"column":26},"end":{"line":60,"column":null}},"12":{"start":{"line":62,"column":2},"end":{"line":99,"column":null}},"13":{"start":{"line":64,"column":6},"end":{"line":64,"column":null}},"14":{"start":{"line":69,"column":6},"end":{"line":69,"column":null}},"15":{"start":{"line":69,"column":47},"end":{"line":69,"column":null}},"16":{"start":{"line":70,"column":6},"end":{"line":70,"column":null}},"17":{"start":{"line":73,"column":6},"end":{"line":73,"column":null}},"18":{"start":{"line":73,"column":47},"end":{"line":73,"column":null}},"19":{"start":{"line":74,"column":6},"end":{"line":74,"column":null}},"20":{"start":{"line":78,"column":6},"end":{"line":78,"column":null}},"21":{"start":{"line":78,"column":26},"end":{"line":78,"column":null}},"22":{"start":{"line":79,"column":6},"end":{"line":79,"column":null}},"23":{"start":{"line":82,"column":6},"end":{"line":82,"column":null}},"24":{"start":{"line":82,"column":47},"end":{"line":82,"column":null}},"25":{"start":{"line":83,"column":6},"end":{"line":83,"column":null}},"26":{"start":{"line":86,"column":6},"end":{"line":86,"column":null}},"27":{"start":{"line":86,"column":49},"end":{"line":86,"column":null}},"28":{"start":{"line":87,"column":6},"end":{"line":87,"column":null}},"29":{"start":{"line":90,"column":6},"end":{"line":90,"column":null}},"30":{"start":{"line":90,"column":48},"end":{"line":90,"column":null}},"31":{"start":{"line":91,"column":6},"end":{"line":91,"column":null}},"32":{"start":{"line":94,"column":6},"end":{"line":94,"column":null}},"33":{"start":{"line":94,"column":48},"end":{"line":94,"column":null}},"34":{"start":{"line":95,"column":6},"end":{"line":95,"column":null}},"35":{"start":{"line":98,"column":6},"end":{"line":98,"column":null}},"36":{"start":{"line":103,"column":19},"end":{"line":103,"column":null}},"37":{"start":{"line":105,"column":2},"end":{"line":113,"column":null}},"38":{"start":{"line":106,"column":30},"end":{"line":110,"column":null}},"39":{"start":{"line":112,"column":4},"end":{"line":112,"column":null}},"40":{"start":{"line":115,"column":2},"end":{"line":115,"column":null}},"41":{"start":{"line":119,"column":2},"end":{"line":119,"column":null}}},"fnMap":{"0":{"name":"getUserRole","decl":{"start":{"line":11,"column":16},"end":{"line":11,"column":28}},"loc":{"start":{"line":11,"column":53},"end":{"line":40,"column":null}},"line":11},"1":{"name":"can","decl":{"start":{"line":55,"column":16},"end":{"line":55,"column":20}},"loc":{"start":{"line":55,"column":65},"end":{"line":100,"column":null}},"line":55},"2":{"name":"getAirportIdForUser","decl":{"start":{"line":102,"column":22},"end":{"line":102,"column":42}},"loc":{"start":{"line":102,"column":81},"end":{"line":116,"column":null}},"line":102},"3":{"name":"canViewAllAirports","decl":{"start":{"line":118,"column":16},"end":{"line":118,"column":35}},"loc":{"start":{"line":118,"column":64},"end":{"line":120,"column":null}},"line":118}},"branchMap":{"0":{"loc":{"start":{"line":15,"column":2},"end":{"line":22,"column":null}},"type":"if","locations":[{"start":{"line":15,"column":2},"end":{"line":22,"column":null}},{"start":{},"end":{}}],"line":15},"1":{"loc":{"start":{"line":27,"column":2},"end":{"line":33,"column":null}},"type":"if","locations":[{"start":{"line":27,"column":2},"end":{"line":33,"column":null}},{"start":{},"end":{}}],"line":27},"2":{"loc":{"start":{"line":56,"column":2},"end":{"line":58,"column":null}},"type":"if","locations":[{"start":{"line":56,"column":2},"end":{"line":58,"column":null}},{"start":{},"end":{}}],"line":56},"3":{"loc":{"start":{"line":62,"column":2},"end":{"line":99,"column":null}},"type":"switch","locations":[{"start":{"line":63,"column":4},"end":{"line":64,"column":null}},{"start":{"line":66,"column":4},"end":{"line":66,"column":null}},{"start":{"line":67,"column":4},"end":{"line":67,"column":null}},{"start":{"line":68,"column":4},"end":{"line":70,"column":null}},{"start":{"line":72,"column":4},"end":{"line":74,"column":null}},{"start":{"line":76,"column":4},"end":{"line":76,"column":null}},{"start":{"line":77,"column":4},"end":{"line":79,"column":null}},{"start":{"line":81,"column":4},"end":{"line":83,"column":null}},{"start":{"line":85,"column":4},"end":{"line":87,"column":null}},{"start":{"line":89,"column":4},"end":{"line":91,"column":null}},{"start":{"line":93,"column":4},"end":{"line":95,"column":null}},{"start":{"line":97,"column":4},"end":{"line":98,"column":null}}],"line":62},"4":{"loc":{"start":{"line":69,"column":6},"end":{"line":69,"column":null}},"type":"if","locations":[{"start":{"line":69,"column":6},"end":{"line":69,"column":null}},{"start":{},"end":{}}],"line":69},"5":{"loc":{"start":{"line":69,"column":10},"end":{"line":69,"column":47}},"type":"binary-expr","locations":[{"start":{"line":69,"column":10},"end":{"line":69,"column":31}},{"start":{"line":69,"column":31},"end":{"line":69,"column":47}}],"line":69},"6":{"loc":{"start":{"line":73,"column":6},"end":{"line":73,"column":null}},"type":"if","locations":[{"start":{"line":73,"column":6},"end":{"line":73,"column":null}},{"start":{},"end":{}}],"line":73},"7":{"loc":{"start":{"line":73,"column":10},"end":{"line":73,"column":47}},"type":"binary-expr","locations":[{"start":{"line":73,"column":10},"end":{"line":73,"column":31}},{"start":{"line":73,"column":31},"end":{"line":73,"column":47}}],"line":73},"8":{"loc":{"start":{"line":78,"column":6},"end":{"line":78,"column":null}},"type":"if","locations":[{"start":{"line":78,"column":6},"end":{"line":78,"column":null}},{"start":{},"end":{}}],"line":78},"9":{"loc":{"start":{"line":82,"column":6},"end":{"line":82,"column":null}},"type":"if","locations":[{"start":{"line":82,"column":6},"end":{"line":82,"column":null}},{"start":{},"end":{}}],"line":82},"10":{"loc":{"start":{"line":82,"column":10},"end":{"line":82,"column":47}},"type":"binary-expr","locations":[{"start":{"line":82,"column":10},"end":{"line":82,"column":31}},{"start":{"line":82,"column":31},"end":{"line":82,"column":47}}],"line":82},"11":{"loc":{"start":{"line":86,"column":6},"end":{"line":86,"column":null}},"type":"if","locations":[{"start":{"line":86,"column":6},"end":{"line":86,"column":null}},{"start":{},"end":{}}],"line":86},"12":{"loc":{"start":{"line":86,"column":10},"end":{"line":86,"column":49}},"type":"binary-expr","locations":[{"start":{"line":86,"column":10},"end":{"line":86,"column":32}},{"start":{"line":86,"column":32},"end":{"line":86,"column":49}}],"line":86},"13":{"loc":{"start":{"line":90,"column":6},"end":{"line":90,"column":null}},"type":"if","locations":[{"start":{"line":90,"column":6},"end":{"line":90,"column":null}},{"start":{},"end":{}}],"line":90},"14":{"loc":{"start":{"line":90,"column":10},"end":{"line":90,"column":48}},"type":"binary-expr","locations":[{"start":{"line":90,"column":10},"end":{"line":90,"column":32}},{"start":{"line":90,"column":32},"end":{"line":90,"column":48}}],"line":90},"15":{"loc":{"start":{"line":94,"column":6},"end":{"line":94,"column":null}},"type":"if","locations":[{"start":{"line":94,"column":6},"end":{"line":94,"column":null}},{"start":{},"end":{}}],"line":94},"16":{"loc":{"start":{"line":94,"column":10},"end":{"line":94,"column":48}},"type":"binary-expr","locations":[{"start":{"line":94,"column":10},"end":{"line":94,"column":32}},{"start":{"line":94,"column":32},"end":{"line":94,"column":48}}],"line":94},"17":{"loc":{"start":{"line":105,"column":2},"end":{"line":113,"column":null}},"type":"if","locations":[{"start":{"line":105,"column":2},"end":{"line":113,"column":null}},{"start":{},"end":{}}],"line":105},"18":{"loc":{"start":{"line":105,"column":6},"end":{"line":105,"column":59}},"type":"binary-expr","locations":[{"start":{"line":105,"column":6},"end":{"line":105,"column":36}},{"start":{"line":105,"column":36},"end":{"line":105,"column":59}}],"line":105},"19":{"loc":{"start":{"line":112,"column":11},"end":{"line":112,"column":null}},"type":"binary-expr","locations":[{"start":{"line":112,"column":11},"end":{"line":112,"column":26}},{"start":{"line":112,"column":26},"end":{"line":112,"column":null}}],"line":112},"20":{"loc":{"start":{"line":119,"column":9},"end":{"line":119,"column":null}},"type":"binary-expr","locations":[{"start":{"line":119,"column":9},"end":{"line":119,"column":29}},{"start":{"line":119,"column":29},"end":{"line":119,"column":null}}],"line":119}},"s":{"0":9,"1":9,"2":9,"3":5,"4":4,"5":4,"6":4,"7":3,"8":1,"9":35,"10":6,"11":29,"12":29,"13":3,"14":7,"15":3,"16":4,"17":3,"18":1,"19":2,"20":5,"21":2,"22":3,"23":2,"24":1,"25":1,"26":3,"27":1,"28":2,"29":3,"30":1,"31":2,"32":3,"33":1,"34":2,"35":0,"36":0,"37":0,"38":0,"39":0,"40":0,"41":3},"f":{"0":9,"1":35,"2":0,"3":3},"b":{"0":[5,4],"1":[3,1],"2":[6,29],"3":[3,3,5,7,3,3,5,2,3,3,3,0],"4":[3,4],"5":[7,3],"6":[1,2],"7":[3,1],"8":[2,3],"9":[1,1],"10":[2,1],"11":[1,2],"12":[3,2],"13":[1,2],"14":[3,2],"15":[1,2],"16":[3,2],"17":[0,0],"18":[0,0],"19":[0,0],"20":[3,2]},"meta":{"lastBranch":21,"lastFunction":4,"lastStatement":42,"seen":{"f:11:16:11:28":0,"s:12:23:12:Infinity":0,"s:13:16:13:Infinity":1,"b:15:2:22:Infinity:undefined:undefined:undefined:undefined":0,"s:15:2:22:Infinity":2,"s:16:4:21:Infinity":3,"s:24:24:24:Infinity":4,"s:25:22:25:Infinity":5,"b:27:2:33:Infinity:undefined:undefined:undefined:undefined":1,"s:27:2:33:Infinity":6,"s:28:4:32:Infinity":7,"s:35:2:39:Infinity":8,"f:55:16:55:20":1,"b:56:2:58:Infinity:undefined:undefined:undefined:undefined":2,"s:56:2:58:Infinity":9,"s:57:4:57:Infinity":10,"s:60:26:60:Infinity":11,"b:63:4:64:Infinity:66:4:66:Infinity:67:4:67:Infinity:68:4:70:Infinity:72:4:74:Infinity:76:4:76:Infinity:77:4:79:Infinity:81:4:83:Infinity:85:4:87:Infinity:89:4:91:Infinity:93:4:95:Infinity:97:4:98:Infinity":3,"s:62:2:99:Infinity":12,"s:64:6:64:Infinity":13,"b:69:6:69:Infinity:undefined:undefined:undefined:undefined":4,"s:69:6:69:Infinity":14,"b:69:10:69:31:69:31:69:47":5,"s:69:47:69:Infinity":15,"s:70:6:70:Infinity":16,"b:73:6:73:Infinity:undefined:undefined:undefined:undefined":6,"s:73:6:73:Infinity":17,"b:73:10:73:31:73:31:73:47":7,"s:73:47:73:Infinity":18,"s:74:6:74:Infinity":19,"b:78:6:78:Infinity:undefined:undefined:undefined:undefined":8,"s:78:6:78:Infinity":20,"s:78:26:78:Infinity":21,"s:79:6:79:Infinity":22,"b:82:6:82:Infinity:undefined:undefined:undefined:undefined":9,"s:82:6:82:Infinity":23,"b:82:10:82:31:82:31:82:47":10,"s:82:47:82:Infinity":24,"s:83:6:83:Infinity":25,"b:86:6:86:Infinity:undefined:undefined:undefined:undefined":11,"s:86:6:86:Infinity":26,"b:86:10:86:32:86:32:86:49":12,"s:86:49:86:Infinity":27,"s:87:6:87:Infinity":28,"b:90:6:90:Infinity:undefined:undefined:undefined:undefined":13,"s:90:6:90:Infinity":29,"b:90:10:90:32:90:32:90:48":14,"s:90:48:90:Infinity":30,"s:91:6:91:Infinity":31,"b:94:6:94:Infinity:undefined:undefined:undefined:undefined":15,"s:94:6:94:Infinity":32,"b:94:10:94:32:94:32:94:48":16,"s:94:48:94:Infinity":33,"s:95:6:95:Infinity":34,"s:98:6:98:Infinity":35,"f:102:22:102:42":2,"s:103:19:103:Infinity":36,"b:105:2:113:Infinity:undefined:undefined:undefined:undefined":17,"s:105:2:113:Infinity":37,"b:105:6:105:36:105:36:105:59":18,"s:106:30:110:Infinity":38,"s:112:4:112:Infinity":39,"b:112:11:112:26:112:26:112:Infinity":19,"s:115:2:115:Infinity":40,"f:118:16:118:35":3,"s:119:2:119:Infinity":41,"b:119:9:119:29:119:29:119:Infinity":20}}}
,"/tmp/cc-agent/60079395/project/src/lib/supabase.ts": {"path":"/tmp/cc-agent/60079395/project/src/lib/supabase.ts","statementMap":{"0":{"start":{"line":3,"column":20},"end":{"line":3,"column":null}},"1":{"start":{"line":4,"column":24},"end":{"line":4,"column":null}},"2":{"start":{"line":6,"column":13},"end":{"line":6,"column":null}},"3":{"start":{"line":173,"column":29},"end":{"line":173,"column":null}},"4":{"start":{"line":174,"column":2},"end":{"line":174,"column":null}},"5":{"start":{"line":174,"column":13},"end":{"line":174,"column":null}},"6":{"start":{"line":176,"column":2},"end":{"line":182,"column":null}}},"fnMap":{"0":{"name":"logAudit","decl":{"start":{"line":167,"column":22},"end":{"line":167,"column":null}},"loc":{"start":{"line":172,"column":2},"end":{"line":183,"column":null}},"line":172}},"branchMap":{"0":{"loc":{"start":{"line":174,"column":2},"end":{"line":174,"column":null}},"type":"if","locations":[{"start":{"line":174,"column":2},"end":{"line":174,"column":null}},{"start":{},"end":{}}],"line":174}},"s":{"0":1,"1":1,"2":1,"3":0,"4":0,"5":0,"6":0},"f":{"0":0},"b":{"0":[0,0]},"meta":{"lastBranch":1,"lastFunction":1,"lastStatement":7,"seen":{"s:3:20:3:Infinity":0,"s:4:24:4:Infinity":1,"s:6:13:6:Infinity":2,"f:167:22:167:Infinity":0,"s:173:29:173:Infinity":3,"b:174:2:174:Infinity:undefined:undefined:undefined:undefined":0,"s:174:2:174:Infinity":4,"s:174:13:174:Infinity":5,"s:176:2:182:Infinity":6}}}
,"/tmp/cc-agent/60079395/project/src/services/movementsService.ts": {"path":"/tmp/cc-agent/60079395/project/src/services/movementsService.ts","statementMap":{"0":{"start":{"line":11,"column":4},"end":{"line":11,"column":null}},"1":{"start":{"line":13,"column":16},"end":{"line":19,"column":null}},"2":{"start":{"line":21,"column":4},"end":{"line":23,"column":null}},"3":{"start":{"line":22,"column":6},"end":{"line":22,"column":null}},"4":{"start":{"line":25,"column":4},"end":{"line":27,"column":null}},"5":{"start":{"line":26,"column":6},"end":{"line":26,"column":null}},"6":{"start":{"line":29,"column":4},"end":{"line":31,"column":null}},"7":{"start":{"line":30,"column":6},"end":{"line":30,"column":null}},"8":{"start":{"line":33,"column":4},"end":{"line":35,"column":null}},"9":{"start":{"line":34,"column":6},"end":{"line":34,"column":null}},"10":{"start":{"line":37,"column":4},"end":{"line":39,"column":null}},"11":{"start":{"line":38,"column":6},"end":{"line":38,"column":null}},"12":{"start":{"line":41,"column":4},"end":{"line":43,"column":null}},"13":{"start":{"line":42,"column":6},"end":{"line":42,"column":null}},"14":{"start":{"line":45,"column":4},"end":{"line":47,"column":null}},"15":{"start":{"line":46,"column":6},"end":{"line":46,"column":null}},"16":{"start":{"line":49,"column":10},"end":{"line":49,"column":null}},"17":{"start":{"line":50,"column":15},"end":{"line":50,"column":null}},"18":{"start":{"line":51,"column":4},"end":{"line":51,"column":null}},"19":{"start":{"line":53,"column":35},"end":{"line":53,"column":null}},"20":{"start":{"line":55,"column":4},"end":{"line":57,"column":null}},"21":{"start":{"line":56,"column":6},"end":{"line":56,"column":null}},"22":{"start":{"line":59,"column":10},"end":{"line":62,"column":null}},"23":{"start":{"line":59,"column":66},"end":{"line":62,"column":6}},"24":{"start":{"line":64,"column":4},"end":{"line":70,"column":null}},"25":{"start":{"line":74,"column":4},"end":{"line":74,"column":null}},"26":{"start":{"line":76,"column":28},"end":{"line":83,"column":null}},"27":{"start":{"line":85,"column":4},"end":{"line":87,"column":null}},"28":{"start":{"line":86,"column":6},"end":{"line":86,"column":null}},"29":{"start":{"line":89,"column":4},"end":{"line":91,"column":null}},"30":{"start":{"line":90,"column":6},"end":{"line":90,"column":null}},"31":{"start":{"line":93,"column":4},"end":{"line":96,"column":null}},"32":{"start":{"line":100,"column":4},"end":{"line":100,"column":null}},"33":{"start":{"line":102,"column":4},"end":{"line":106,"column":null}},"34":{"start":{"line":106,"column":19},"end":{"line":106,"column":26}},"35":{"start":{"line":110,"column":4},"end":{"line":110,"column":null}},"36":{"start":{"line":112,"column":4},"end":{"line":117,"column":null}},"37":{"start":{"line":121,"column":4},"end":{"line":121,"column":null}},"38":{"start":{"line":123,"column":4},"end":{"line":127,"column":null}},"39":{"start":{"line":131,"column":4},"end":{"line":131,"column":null}},"40":{"start":{"line":133,"column":4},"end":{"line":137,"column":null}}},"fnMap":{"0":{"name":"(anonymous_0)","decl":{"start":{"line":6,"column":15},"end":{"line":6,"column":null}},"loc":{"start":{"line":10,"column":51},"end":{"line":71,"column":null}},"line":10},"1":{"name":"(anonymous_1)","decl":{"start":{"line":59,"column":60},"end":{"line":59,"column":66}},"loc":{"start":{"line":59,"column":66},"end":{"line":62,"column":6}},"line":59},"2":{"name":"(anonymous_2)","decl":{"start":{"line":73,"column":15},"end":{"line":73,"column":31}},"loc":{"start":{"line":73,"column":71},"end":{"line":97,"column":null}},"line":73},"3":{"name":"(anonymous_3)","decl":{"start":{"line":99,"column":15},"end":{"line":99,"column":30}},"loc":{"start":{"line":99,"column":78},"end":{"line":107,"column":null}},"line":99},"4":{"name":"(anonymous_4)","decl":{"start":{"line":106,"column":11},"end":{"line":106,"column":19}},"loc":{"start":{"line":106,"column":19},"end":{"line":106,"column":26}},"line":106},"5":{"name":"(anonymous_5)","decl":{"start":{"line":109,"column":15},"end":{"line":109,"column":30}},"loc":{"start":{"line":109,"column":90},"end":{"line":118,"column":null}},"line":109},"6":{"name":"(anonymous_6)","decl":{"start":{"line":120,"column":15},"end":{"line":120,"column":30}},"loc":{"start":{"line":120,"column":57},"end":{"line":128,"column":null}},"line":120},"7":{"name":"(anonymous_7)","decl":{"start":{"line":130,"column":15},"end":{"line":130,"column":44}},"loc":{"start":{"line":130,"column":80},"end":{"line":138,"column":null}},"line":130}},"branchMap":{"0":{"loc":{"start":{"line":8,"column":4},"end":{"line":8,"column":null}},"type":"default-arg","locations":[{"start":{"line":8,"column":19},"end":{"line":8,"column":null}}],"line":8},"1":{"loc":{"start":{"line":9,"column":4},"end":{"line":9,"column":null}},"type":"default-arg","locations":[{"start":{"line":9,"column":23},"end":{"line":9,"column":null}}],"line":9},"2":{"loc":{"start":{"line":21,"column":4},"end":{"line":23,"column":null}},"type":"if","locations":[{"start":{"line":21,"column":4},"end":{"line":23,"column":null}},{"start":{},"end":{}}],"line":21},"3":{"loc":{"start":{"line":25,"column":4},"end":{"line":27,"column":null}},"type":"if","locations":[{"start":{"line":25,"column":4},"end":{"line":27,"column":null}},{"start":{},"end":{}}],"line":25},"4":{"loc":{"start":{"line":29,"column":4},"end":{"line":31,"column":null}},"type":"if","locations":[{"start":{"line":29,"column":4},"end":{"line":31,"column":null}},{"start":{},"end":{}}],"line":29},"5":{"loc":{"start":{"line":33,"column":4},"end":{"line":35,"column":null}},"type":"if","locations":[{"start":{"line":33,"column":4},"end":{"line":35,"column":null}},{"start":{},"end":{}}],"line":33},"6":{"loc":{"start":{"line":37,"column":4},"end":{"line":39,"column":null}},"type":"if","locations":[{"start":{"line":37,"column":4},"end":{"line":39,"column":null}},{"start":{},"end":{}}],"line":37},"7":{"loc":{"start":{"line":41,"column":4},"end":{"line":43,"column":null}},"type":"if","locations":[{"start":{"line":41,"column":4},"end":{"line":43,"column":null}},{"start":{},"end":{}}],"line":41},"8":{"loc":{"start":{"line":45,"column":4},"end":{"line":47,"column":null}},"type":"if","locations":[{"start":{"line":45,"column":4},"end":{"line":47,"column":null}},{"start":{},"end":{}}],"line":45},"9":{"loc":{"start":{"line":55,"column":4},"end":{"line":57,"column":null}},"type":"if","locations":[{"start":{"line":55,"column":4},"end":{"line":57,"column":null}},{"start":{},"end":{}}],"line":55},"10":{"loc":{"start":{"line":59,"column":44},"end":{"line":59,"column":56}},"type":"binary-expr","locations":[{"start":{"line":59,"column":44},"end":{"line":59,"column":52}},{"start":{"line":59,"column":52},"end":{"line":59,"column":56}}],"line":59},"11":{"loc":{"start":{"line":61,"column":18},"end":{"line":61,"column":null}},"type":"binary-expr","locations":[{"start":{"line":61,"column":18},"end":{"line":61,"column":36}},{"start":{"line":61,"column":36},"end":{"line":61,"column":null}}],"line":61},"12":{"loc":{"start":{"line":66,"column":13},"end":{"line":66,"column":null}},"type":"binary-expr","locations":[{"start":{"line":66,"column":13},"end":{"line":66,"column":22}},{"start":{"line":66,"column":22},"end":{"line":66,"column":null}}],"line":66},"13":{"loc":{"start":{"line":69,"column":29},"end":{"line":69,"column":43}},"type":"binary-expr","locations":[{"start":{"line":69,"column":29},"end":{"line":69,"column":38}},{"start":{"line":69,"column":38},"end":{"line":69,"column":43}}],"line":69},"14":{"loc":{"start":{"line":85,"column":4},"end":{"line":87,"column":null}},"type":"if","locations":[{"start":{"line":85,"column":4},"end":{"line":87,"column":null}},{"start":{},"end":{}}],"line":85},"15":{"loc":{"start":{"line":89,"column":4},"end":{"line":91,"column":null}},"type":"if","locations":[{"start":{"line":89,"column":4},"end":{"line":91,"column":null}},{"start":{},"end":{}}],"line":89},"16":{"loc":{"start":{"line":95,"column":18},"end":{"line":95,"column":null}},"type":"binary-expr","locations":[{"start":{"line":95,"column":18},"end":{"line":95,"column":39}},{"start":{"line":95,"column":39},"end":{"line":95,"column":null}}],"line":95}},"s":{"0":6,"1":6,"2":6,"3":1,"4":6,"5":1,"6":6,"7":1,"8":6,"9":0,"10":6,"11":1,"12":6,"13":0,"14":6,"15":0,"16":6,"17":6,"18":6,"19":6,"20":6,"21":1,"22":5,"23":1,"24":6,"25":3,"26":3,"27":3,"28":1,"29":2,"30":1,"31":1,"32":1,"33":1,"34":1,"35":1,"36":1,"37":1,"38":1,"39":0,"40":0},"f":{"0":1,"1":1,"2":1,"3":1,"4":1,"5":1,"6":1,"7":1},"b":{"0":[6],"1":[6],"2":[1,5],"3":[1,5],"4":[1,5],"5":[0,6],"6":[1,5],"7":[0,6],"8":[0,6],"9":[1,5],"10":[5,0],"11":[1,0],"12":[6,3],"13":[6,3],"14":[1,2],"15":[1,1],"16":[1,0]},"meta":{"lastBranch":17,"lastFunction":8,"lastStatement":41,"seen":{"f:6:15:6:Infinity":0,"b:8:19:8:Infinity":0,"b:9:23:9:Infinity":1,"s:11:4:11:Infinity":0,"s:13:16:19:Infinity":1,"b:21:4:23:Infinity:undefined:undefined:undefined:undefined":2,"s:21:4:23:Infinity":2,"s:22:6:22:Infinity":3,"b:25:4:27:Infinity:undefined:undefined:undefined:undefined":3,"s:25:4:27:Infinity":4,"s:26:6:26:Infinity":5,"b:29:4:31:Infinity:undefined:undefined:undefined:undefined":4,"s:29:4:31:Infinity":6,"s:30:6:30:Infinity":7,"b:33:4:35:Infinity:undefined:undefined:undefined:undefined":5,"s:33:4:35:Infinity":8,"s:34:6:34:Infinity":9,"b:37:4:39:Infinity:undefined:undefined:undefined:undefined":6,"s:37:4:39:Infinity":10,"s:38:6:38:Infinity":11,"b:41:4:43:Infinity:undefined:undefined:undefined:undefined":7,"s:41:4:43:Infinity":12,"s:42:6:42:Infinity":13,"b:45:4:47:Infinity:undefined:undefined:undefined:undefined":8,"s:45:4:47:Infinity":14,"s:46:6:46:Infinity":15,"s:49:10:49:Infinity":16,"s:50:15:50:Infinity":17,"s:51:4:51:Infinity":18,"s:53:35:53:Infinity":19,"b:55:4:57:Infinity:undefined:undefined:undefined:undefined":9,"s:55:4:57:Infinity":20,"s:56:6:56:Infinity":21,"s:59:10:62:Infinity":22,"b:59:44:59:52:59:52:59:56":10,"f:59:60:59:66":1,"s:59:66:62:6":23,"b:61:18:61:36:61:36:61:Infinity":11,"s:64:4:70:Infinity":24,"b:66:13:66:22:66:22:66:Infinity":12,"b:69:29:69:38:69:38:69:43":13,"f:73:15:73:31":2,"s:74:4:74:Infinity":25,"s:76:28:83:Infinity":26,"b:85:4:87:Infinity:undefined:undefined:undefined:undefined":14,"s:85:4:87:Infinity":27,"s:86:6:86:Infinity":28,"b:89:4:91:Infinity:undefined:undefined:undefined:undefined":15,"s:89:4:91:Infinity":29,"s:90:6:90:Infinity":30,"s:93:4:96:Infinity":31,"b:95:18:95:39:95:39:95:Infinity":16,"f:99:15:99:30":3,"s:100:4:100:Infinity":32,"s:102:4:106:Infinity":33,"f:106:11:106:19":4,"s:106:19:106:26":34,"f:109:15:109:30":5,"s:110:4:110:Infinity":35,"s:112:4:117:Infinity":36,"f:120:15:120:30":6,"s:121:4:121:Infinity":37,"s:123:4:127:Infinity":38,"f:130:15:130:44":7,"s:131:4:131:Infinity":39,"s:133:4:137:Infinity":40}}}
,"/tmp/cc-agent/60079395/project/src/services/standsService.ts": {"path":"/tmp/cc-agent/60079395/project/src/services/standsService.ts","statementMap":{"0":{"start":{"line":7,"column":4},"end":{"line":7,"column":null}},"1":{"start":{"line":9,"column":16},"end":{"line":12,"column":null}},"2":{"start":{"line":14,"column":4},"end":{"line":16,"column":null}},"3":{"start":{"line":15,"column":6},"end":{"line":15,"column":null}},"4":{"start":{"line":18,"column":4},"end":{"line":18,"column":null}},"5":{"start":{"line":22,"column":4},"end":{"line":22,"column":null}},"6":{"start":{"line":24,"column":18},"end":{"line":27,"column":null}},"7":{"start":{"line":29,"column":4},"end":{"line":29,"column":null}},"8":{"start":{"line":33,"column":4},"end":{"line":33,"column":null}},"9":{"start":{"line":35,"column":4},"end":{"line":39,"column":null}},"10":{"start":{"line":39,"column":19},"end":{"line":39,"column":26}},"11":{"start":{"line":43,"column":4},"end":{"line":43,"column":null}},"12":{"start":{"line":45,"column":4},"end":{"line":50,"column":null}},"13":{"start":{"line":54,"column":4},"end":{"line":54,"column":null}},"14":{"start":{"line":56,"column":4},"end":{"line":60,"column":null}},"15":{"start":{"line":68,"column":4},"end":{"line":68,"column":null}},"16":{"start":{"line":70,"column":18},"end":{"line":76,"column":null}},"17":{"start":{"line":78,"column":4},"end":{"line":78,"column":null}}},"fnMap":{"0":{"name":"(anonymous_0)","decl":{"start":{"line":6,"column":15},"end":{"line":6,"column":25}},"loc":{"start":{"line":6,"column":63},"end":{"line":19,"column":null}},"line":6},"1":{"name":"(anonymous_1)","decl":{"start":{"line":21,"column":15},"end":{"line":21,"column":28}},"loc":{"start":{"line":21,"column":56},"end":{"line":30,"column":null}},"line":21},"2":{"name":"(anonymous_2)","decl":{"start":{"line":32,"column":15},"end":{"line":32,"column":27}},"loc":{"start":{"line":32,"column":66},"end":{"line":40,"column":null}},"line":32},"3":{"name":"(anonymous_3)","decl":{"start":{"line":39,"column":11},"end":{"line":39,"column":19}},"loc":{"start":{"line":39,"column":19},"end":{"line":39,"column":26}},"line":39},"4":{"name":"(anonymous_4)","decl":{"start":{"line":42,"column":15},"end":{"line":42,"column":27}},"loc":{"start":{"line":42,"column":78},"end":{"line":51,"column":null}},"line":42},"5":{"name":"(anonymous_5)","decl":{"start":{"line":53,"column":15},"end":{"line":53,"column":27}},"loc":{"start":{"line":53,"column":54},"end":{"line":61,"column":null}},"line":53},"6":{"name":"(anonymous_6)","decl":{"start":{"line":63,"column":15},"end":{"line":63,"column":null}},"loc":{"start":{"line":67,"column":22},"end":{"line":79,"column":null}},"line":67}},"branchMap":{"0":{"loc":{"start":{"line":14,"column":4},"end":{"line":16,"column":null}},"type":"if","locations":[{"start":{"line":14,"column":4},"end":{"line":16,"column":null}},{"start":{},"end":{}}],"line":14}},"s":{"0":2,"1":2,"2":2,"3":1,"4":2,"5":1,"6":1,"7":1,"8":1,"9":1,"10":1,"11":1,"12":1,"13":1,"14":1,"15":1,"16":1,"17":1},"f":{"0":1,"1":1,"2":1,"3":1,"4":1,"5":1,"6":1},"b":{"0":[1,1]},"meta":{"lastBranch":1,"lastFunction":7,"lastStatement":18,"seen":{"f:6:15:6:25":0,"s:7:4:7:Infinity":0,"s:9:16:12:Infinity":1,"b:14:4:16:Infinity:undefined:undefined:undefined:undefined":0,"s:14:4:16:Infinity":2,"s:15:6:15:Infinity":3,"s:18:4:18:Infinity":4,"f:21:15:21:28":1,"s:22:4:22:Infinity":5,"s:24:18:27:Infinity":6,"s:29:4:29:Infinity":7,"f:32:15:32:27":2,"s:33:4:33:Infinity":8,"s:35:4:39:Infinity":9,"f:39:11:39:19":3,"s:39:19:39:26":10,"f:42:15:42:27":4,"s:43:4:43:Infinity":11,"s:45:4:50:Infinity":12,"f:53:15:53:27":5,"s:54:4:54:Infinity":13,"s:56:4:60:Infinity":14,"f:63:15:63:Infinity":6,"s:68:4:68:Infinity":15,"s:70:18:76:Infinity":16,"s:78:4:78:Infinity":17}}}
}
